13:30:46.960 [main                     ] DEBUG Logger               - Configured Logger
13:30:46.970 [main                     ] DEBUG GameApplication      - Logging settings
Title: 3D Shapes
Version: 0.0
Width: 1280
Height: 720
Fullscreen: false
Intro: false
Profiling: false
Single step:false
App Mode: DEVELOPER
Menu Key: ESCAPE
Stage Style: DECORATED
Scene Factory: class com.almasb.fxgl.app.scene.SceneFactory

13:30:47.840 [JavaFX Application Thread] DEBUG FXGLApplication      - Initializing FXGL
13:30:47.843 [JavaFX Application Thread] INFO  Engine               - FXGL-21.1 (27.03.2024 07.52) on WINDOWS (J:24.0.1 FX:21.0.1)
13:30:47.844 [JavaFX Application Thread] DEBUG Engine               - JRE Vendor Name: Eclipse Adoptium
13:30:47.844 [JavaFX Application Thread] DEBUG Engine               - Running on OS: Windows 10 version 10.0
13:30:47.844 [JavaFX Application Thread] DEBUG Engine               - Architecture: amd64
13:30:47.844 [JavaFX Application Thread] INFO  Engine               - Source code and latest versions at: https://github.com/AlmasB/FXGL
13:30:47.844 [JavaFX Application Thread] INFO  Engine               -       Ask questions and discuss at: https://github.com/AlmasB/FXGL/discussions
13:30:47.844 [JavaFX Application Thread] INFO  Engine               -              Join the FXGL chat at: https://gitter.im/AlmasB/FXGL
13:30:47.965 [JavaFX Application Thread] DEBUG PrimaryStageWindow   - Creating a JavaFX scene
13:30:48.025 [JavaFX Application Thread] DEBUG PrimaryStageWindow   - Target settings size: 1280.0 x 720.0
13:30:48.026 [JavaFX Application Thread] DEBUG PrimaryStageWindow   - Scaled scene size:    1280.0 x 720.0
13:30:48.026 [JavaFX Application Thread] DEBUG PrimaryStageWindow   - Scaled ratio: (1.0, 1.0)
13:30:48.027 [JavaFX Application Thread] DEBUG PrimaryStageWindow   - Set initial scene to FXGLStartupScene
13:30:48.030 [JavaFX Application Thread] DEBUG PrimaryStageWindow   - Opening main window
13:30:48.128 [JavaFX Application Thread] DEBUG PrimaryStageWindow   - Window border size: (16.0, 39.0)
13:30:48.128 [JavaFX Application Thread] DEBUG PrimaryStageWindow   - Scaled size: 1280.0 x 720.0
13:30:48.128 [JavaFX Application Thread] DEBUG PrimaryStageWindow   - Scaled ratio: (1.0, 1.0)
13:30:48.129 [JavaFX Application Thread] DEBUG PrimaryStageWindow   - Scene size: 1280.0 x 720.0
13:30:48.129 [JavaFX Application Thread] DEBUG PrimaryStageWindow   - Stage size: 1296.0 x 759.0
13:30:48.134 [FXGL Background Thread 1 ] DEBUG Engine               - Initializing environment variables
13:30:48.178 [FXGL Background Thread 1 ] DEBUG FXGLAssetLoaderServi - User app class for loading assets: class Shapes
13:30:48.178 [FXGL Background Thread 1 ] DEBUG GameApplicationServi - Applying CSS: fxgl_dark.css
13:30:48.179 [FXGL Background Thread 1 ] DEBUG FXGLAssetLoaderServi - Loading from file system: jar:file:/C:/Users/debrunei000/.m2/repository/com/github/almasb/fxgl/21.1/fxgl-21.1.jar!/fxglassets/ui/css/fxgl_dark.css
13:30:48.219 [FXGL Background Thread 1 ] DEBUG GameApplicationServi - Initializing application scenes
13:30:48.266 [FXGL Background Thread 1 ] DEBUG GameWorld            - Game world initialized
13:30:48.321 [FXGL Background Thread 1 ] DEBUG PhysicsWorld         - Physics world initialized: appHeight=720, physics.ppm=50.0
13:30:48.322 [FXGL Background Thread 1 ] DEBUG PhysicsWorld         - Using strategy: BRUTE_FORCE
13:30:48.331 [FXGL Background Thread 1 ] DEBUG GameScene            - Game scene initialized: 1280x720
13:30:48.345 [FXGL Background Thread 1 ] DEBUG FXGL.DefaultMenu     - createMenuBodyGameMenu()
13:30:48.361 [FXGL Background Thread 1 ] DEBUG FXGL.DefaultMenu     - createOptionsMenu()
13:30:48.370 [FXGL Background Thread 1 ] DEBUG FXGLAssetLoaderServi - Loading from file system: jar:file:/C:/Users/debrunei000/.m2/repository/com/github/almasb/fxgl/21.1/fxgl-21.1.jar!/fxglassets/textures/particles/smoke.png
13:30:48.448 [FXGL Background Thread 1 ] DEBUG FXGLAssetLoaderServi - Loading from file system: jar:file:/C:/Users/debrunei000/.m2/repository/com/github/almasb/fxgl/21.1/fxgl-21.1.jar!/fxglassets/textures/particles/trace_horizontal.png
13:30:48.468 [FXGL Background Thread 1 ] DEBUG GameApplicationServi - Application scenes initialized
13:30:48.482 [FXGL Background Thread 1 ] DEBUG SystemBundleService  - Loading default FXGL system data
13:30:48.483 [FXGL Background Thread 1 ] DEBUG UpdaterService       - Checking for updates
13:30:48.486 [FXGL Background Thread 4 ] DEBUG FXGLApplication      - Loading fonts
13:30:48.486 [FXGL Background Thread 4 ] DEBUG FXGLAssetLoaderServi - Loading from file system: jar:file:/C:/Users/debrunei000/.m2/repository/com/github/almasb/fxgl/21.1/fxgl-21.1.jar!/fxglassets/ui/fonts/VarelaRound-Regular.ttf
13:30:48.487 [FXGL Background Thread 1 ] DEBUG FXGLApplication      - Loading default localization
13:30:48.487 [FXGL Background Thread 1 ] DEBUG FXGLAssetLoaderServi - Loading from file system: jar:file:/C:/Users/debrunei000/.m2/repository/com/github/almasb/fxgl/21.1/fxgl-21.1.jar!/fxglassets/languages/english.lang
13:30:48.496 [FXGL Background Thread 4 ] DEBUG FXGLAssetLoaderServi - Loading from file system: jar:file:/C:/Users/debrunei000/.m2/repository/com/github/almasb/fxgl/21.1/fxgl-21.1.jar!/fxglassets/ui/fonts/Abel-Regular.ttf
13:30:48.501 [FXGL Background Thread 4 ] DEBUG FXGLAssetLoaderServi - Loading from file system: jar:file:/C:/Users/debrunei000/.m2/repository/com/github/almasb/fxgl/21.1/fxgl-21.1.jar!/fxglassets/ui/fonts/TerminalLandMono-Regular.otf
13:30:48.504 [FXGL Background Thread 1 ] INFO  FXGLApplication      - FXGL initialization took: 0.370 sec
13:30:48.505 [JavaFX Application Thread] DEBUG FXGLAssetLoaderServi - Loading from file system: jar:file:/C:/Users/debrunei000/.m2/repository/com/github/almasb/fxgl/21.1/fxgl-21.1.jar!/fxglassets/textures/fxgl_icon.png
13:30:48.506 [FXGL Background Thread 4 ] DEBUG FXGLAssetLoaderServi - Loading from file system: jar:file:/C:/Users/debrunei000/.m2/repository/com/github/almasb/fxgl/21.1/fxgl-21.1.jar!/fxglassets/ui/fonts/Courier-Prime.ttf
13:30:48.530 [JavaFX Application Thread] DEBUG FXGLAssetLoaderServi - Loading from file system: jar:file:/C:/Users/debrunei000/.m2/repository/com/github/almasb/fxgl/21.1/fxgl-21.1.jar!/fxglassets/textures/fxgl_default_cursor.png
13:30:48.540 [JavaFX Application Thread] DEBUG Input                - Registered new binding: Screenshot - CTRL+8
13:30:48.541 [JavaFX Application Thread] DEBUG Input                - Registered new binding: System info dump - CTRL+9
13:30:48.541 [JavaFX Application Thread] DEBUG Input                - Registered new binding: Restart - CTRL+R
13:30:48.542 [JavaFX Application Thread] DEBUG Input                - Registered new binding: Toggle Debug Camera - CTRL+7
13:30:48.544 [JavaFX Application Thread] DEBUG LoopRunner           - Starting loop
13:30:48.544 [JavaFX Application Thread] DEBUG LoopRunner           - Initializing JavaFX AnimationTimerLoop
13:30:48.545 [JavaFX Application Thread] DEBUG GameApplicationServi - Starting new game
13:30:48.545 [JavaFX Application Thread] DEBUG Input                - Clearing active input actions
13:30:48.553 [JavaFX Application Thread] DEBUG GameApplicationServi - Removing overlay from FXGLStartupScene and adding to FXGLLoadingScene
13:30:48.554 [JavaFX Application Thread] DEBUG PrimaryStageWindow   - FXGLStartupScene -> FXGLLoadingScene
13:30:48.554 [JavaFX Application Thread] DEBUG GameApplicationServi - Clearing previous game
13:30:48.554 [JavaFX Application Thread] DEBUG GameScene            - Clearing game scene
13:30:48.554 [JavaFX Application Thread] DEBUG GameWorld            - Clearing game world
13:30:48.554 [JavaFX Application Thread] DEBUG PhysicsWorld         - Clearing physics world
13:30:48.555 [JavaFX Application Thread] DEBUG FXGLApplication      - Registering font factories with UI factory
13:30:48.555 [FXGL Background Thread 4 ] DEBUG FXGLApplication      - Initializing game
13:30:48.568 [FXGL Background Thread 4 ] INFO  FXGLApplication      - Game initialization took: 0.013 sec
13:30:48.605 [JavaFX Application Thread] DEBUG Input                - Clearing active input actions
13:30:48.611 [JavaFX Application Thread] DEBUG GameApplicationServi - Removing overlay from FXGLLoadingScene and adding to GameScene
13:30:48.611 [JavaFX Application Thread] DEBUG PrimaryStageWindow   - FXGLLoadingScene -> GameScene
13:30:51.485 [FXGL Background Thread 3 ] DEBUG Engine               - Logging environment variables
13:30:51.485 [FXGL Background Thread 3 ] DEBUG Engine               - achievements: []
13:30:51.485 [FXGL Background Thread 3 ] DEBUG Engine               - actualHeight: 720.0
13:30:51.485 [FXGL Background Thread 3 ] DEBUG Engine               - actualHeightProperty: ReadOnlyDoubleProperty [value: 720.0]
13:30:51.486 [FXGL Background Thread 3 ] DEBUG Engine               - actualWidth: 1280.0
13:30:51.486 [FXGL Background Thread 3 ] DEBUG Engine               - actualWidthProperty: ReadOnlyDoubleProperty [value: 1280.0]
13:30:51.486 [FXGL Background Thread 3 ] DEBUG Engine               - appIcon: fxgl_icon.png
13:30:51.486 [FXGL Background Thread 3 ] DEBUG Engine               - applicationMode: DEVELOPER
13:30:51.486 [FXGL Background Thread 3 ] DEBUG Engine               - cSSList: [fxgl_dark.css]
13:30:51.486 [FXGL Background Thread 3 ] DEBUG Engine               - collisionDetectionStrategy: BRUTE_FORCE
13:30:51.486 [FXGL Background Thread 3 ] DEBUG Engine               - configClass: Optional.empty
13:30:51.486 [FXGL Background Thread 3 ] DEBUG Engine               - credits: []
13:30:51.487 [FXGL Background Thread 3 ] DEBUG Engine               - defaultCursor: CursorInfo(imageName=fxgl_default_cursor.png, hotspotX=7.0, hotspotY=6.0)
13:30:51.487 [FXGL Background Thread 3 ] DEBUG Engine               - devBBoxColorProperty: ObjectProperty [value: 0xff0000ff]
13:30:51.487 [FXGL Background Thread 3 ] DEBUG Engine               - devEnableDebugCameraProperty: BooleanProperty [value: false]
13:30:51.487 [FXGL Background Thread 3 ] DEBUG Engine               - devSensorColorProperty: ObjectProperty [value: 0xffff00ff]
13:30:51.487 [FXGL Background Thread 3 ] DEBUG Engine               - devShowBBoxProperty: BooleanProperty [value: false]
13:30:51.487 [FXGL Background Thread 3 ] DEBUG Engine               - devShowPositionProperty: BooleanProperty [value: false]
13:30:51.487 [FXGL Background Thread 3 ] DEBUG Engine               - enabledMenuItems: []
13:30:51.487 [FXGL Background Thread 3 ] DEBUG Engine               - engineServices: [class com.almasb.fxgl.app.services.FXGLAssetLoaderService, class com.almasb.fxgl.app.FXGLApplication$GameApplicationService, class com.almasb.fxgl.app.services.FXGLDialogService, class com.almasb.fxgl.app.services.IOTaskExecutorService, class com.almasb.fxgl.io.FileSystemService, class com.almasb.fxgl.localization.LocalizationService, class com.almasb.fxgl.app.services.SystemBundleService, class com.almasb.fxgl.profile.SaveLoadService, class com.almasb.fxgl.ui.FXGLUIFactoryServiceProvider, class com.almasb.fxgl.ui.FXGLDialogFactoryServiceProvider, class com.almasb.fxgl.audio.AudioPlayer, class com.almasb.fxgl.notification.impl.NotificationServiceProvider, class com.almasb.fxgl.achievement.AchievementService, class com.almasb.fxgl.cutscene.CutsceneService, class com.almasb.fxgl.minigames.MiniGameService, class com.almasb.fxgl.net.NetService, class com.almasb.fxgl.app.services.UpdaterService, class com.almasb.fxgl.dev.DevService]
13:30:51.488 [FXGL Background Thread 3 ] DEBUG Engine               - fontGame: Abel-Regular.ttf
13:30:51.488 [FXGL Background Thread 3 ] DEBUG Engine               - fontMono: TerminalLandMono-Regular.otf
13:30:51.488 [FXGL Background Thread 3 ] DEBUG Engine               - fontSizeScaleUI: 1.0
13:30:51.488 [FXGL Background Thread 3 ] DEBUG Engine               - fontText: Courier-Prime.ttf
13:30:51.488 [FXGL Background Thread 3 ] DEBUG Engine               - fontUI: VarelaRound-Regular.ttf
13:30:51.488 [FXGL Background Thread 3 ] DEBUG Engine               - fullScreen: BooleanProperty [value: false]
13:30:51.488 [FXGL Background Thread 3 ] DEBUG Engine               - gameDifficulty: MEDIUM
13:30:51.488 [FXGL Background Thread 3 ] DEBUG Engine               - gameDifficultyProperty: ObjectProperty [value: MEDIUM]
13:30:51.488 [FXGL Background Thread 3 ] DEBUG Engine               - globalMusicVolume: 0.5
13:30:51.488 [FXGL Background Thread 3 ] DEBUG Engine               - globalMusicVolumeProperty: DoubleProperty [value: 0.5]
13:30:51.488 [FXGL Background Thread 3 ] DEBUG Engine               - globalSoundVolume: 0.5
13:30:51.488 [FXGL Background Thread 3 ] DEBUG Engine               - globalSoundVolumeProperty: DoubleProperty [value: 0.5]
13:30:51.488 [FXGL Background Thread 3 ] DEBUG Engine               - height: 720
13:30:51.488 [FXGL Background Thread 3 ] DEBUG Engine               - is3D: true
13:30:51.488 [FXGL Background Thread 3 ] DEBUG Engine               - isAndroid: false
13:30:51.488 [FXGL Background Thread 3 ] DEBUG Engine               - isBrowser: false
13:30:51.488 [FXGL Background Thread 3 ] DEBUG Engine               - isClickFeedbackEnabled: false
13:30:51.488 [FXGL Background Thread 3 ] DEBUG Engine               - isCloseConfirmation: false
13:30:51.489 [FXGL Background Thread 3 ] DEBUG Engine               - isDesktop: true
13:30:51.489 [FXGL Background Thread 3 ] DEBUG Engine               - isDeveloperMenuEnabled: false
13:30:51.489 [FXGL Background Thread 3 ] DEBUG Engine               - isEmbedded: false
13:30:51.489 [FXGL Background Thread 3 ] DEBUG Engine               - isEntityPreloadEnabled: true
13:30:51.489 [FXGL Background Thread 3 ] DEBUG Engine               - isExperimentalTiledLargeMap: false
13:30:51.489 [FXGL Background Thread 3 ] DEBUG Engine               - isFileSystemWriteAllowed: true
13:30:51.489 [FXGL Background Thread 3 ] DEBUG Engine               - isFullScreenAllowed: false
13:30:51.489 [FXGL Background Thread 3 ] DEBUG Engine               - isFullScreenFromStart: false
13:30:51.489 [FXGL Background Thread 3 ] DEBUG Engine               - isGameMenuEnabled: true
13:30:51.489 [FXGL Background Thread 3 ] DEBUG Engine               - isIOS: false
13:30:51.489 [FXGL Background Thread 3 ] DEBUG Engine               - isIntroEnabled: false
13:30:51.489 [FXGL Background Thread 3 ] DEBUG Engine               - isLinux: false
13:30:51.489 [FXGL Background Thread 3 ] DEBUG Engine               - isMac: false
13:30:51.489 [FXGL Background Thread 3 ] DEBUG Engine               - isMainMenuEnabled: false
13:30:51.489 [FXGL Background Thread 3 ] DEBUG Engine               - isManualResizeEnabled: false
13:30:51.489 [FXGL Background Thread 3 ] DEBUG Engine               - isMobile: false
13:30:51.489 [FXGL Background Thread 3 ] DEBUG Engine               - isNative: false
13:30:51.489 [FXGL Background Thread 3 ] DEBUG Engine               - isPauseMusicWhenMinimized: true
13:30:51.489 [FXGL Background Thread 3 ] DEBUG Engine               - isPreserveResizeRatio: false
13:30:51.489 [FXGL Background Thread 3 ] DEBUG Engine               - isProfilingEnabled: false
13:30:51.490 [FXGL Background Thread 3 ] DEBUG Engine               - isScaleAffectedOnResize: true
13:30:51.490 [FXGL Background Thread 3 ] DEBUG Engine               - isSingleStep: false
13:30:51.490 [FXGL Background Thread 3 ] DEBUG Engine               - isUserProfileEnabled: false
13:30:51.490 [FXGL Background Thread 3 ] DEBUG Engine               - isWindows: true
13:30:51.490 [FXGL Background Thread 3 ] DEBUG Engine               - language: ObjectProperty [value: ENGLISH]
13:30:51.490 [FXGL Background Thread 3 ] DEBUG Engine               - menuKey: ESCAPE
13:30:51.490 [FXGL Background Thread 3 ] DEBUG Engine               - mouseSensitivity: 0.2
13:30:51.490 [FXGL Background Thread 3 ] DEBUG Engine               - notificationViewClass: class com.almasb.fxgl.notification.view.XboxNotificationView
13:30:51.490 [FXGL Background Thread 3 ] DEBUG Engine               - pixelsPerMeter: 50.0
13:30:51.490 [FXGL Background Thread 3 ] DEBUG Engine               - platform: WINDOWS
13:30:51.490 [FXGL Background Thread 3 ] DEBUG Engine               - prefHeightProperty: ReadOnlyDoubleProperty [value: 720.0]
13:30:51.490 [FXGL Background Thread 3 ] DEBUG Engine               - prefWidthProperty: ReadOnlyDoubleProperty [value: 1280.0]
13:30:51.490 [FXGL Background Thread 3 ] DEBUG Engine               - profileDir: profiles/
13:30:51.490 [FXGL Background Thread 3 ] DEBUG Engine               - profileName: StringProperty [value: DEFAULT]
13:30:51.490 [FXGL Background Thread 3 ] DEBUG Engine               - randomSeed: -1
13:30:51.490 [FXGL Background Thread 3 ] DEBUG Engine               - runtimeInfo: RuntimeInfo(platform=WINDOWS, version=21.1, build=27.03.2024 07.52)
13:30:51.490 [FXGL Background Thread 3 ] DEBUG Engine               - saveFileExt: sav
13:30:51.490 [FXGL Background Thread 3 ] DEBUG Engine               - scaledHeightProp$fxgl: DoubleProperty [bound, value: 720.0]
13:30:51.490 [FXGL Background Thread 3 ] DEBUG Engine               - scaledWidthProp$fxgl: DoubleProperty [bound, value: 1280.0]
13:30:51.490 [FXGL Background Thread 3 ] DEBUG Engine               - sceneFactory: com.almasb.fxgl.app.scene.SceneFactory@73d4212b
13:30:51.490 [FXGL Background Thread 3 ] DEBUG Engine               - secondsIn24h: 60
13:30:51.491 [FXGL Background Thread 3 ] DEBUG Engine               - soundMenuBack: menu/back.wav
13:30:51.491 [FXGL Background Thread 3 ] DEBUG Engine               - soundMenuPress: menu/press.wav
13:30:51.491 [FXGL Background Thread 3 ] DEBUG Engine               - soundMenuSelect: menu/select.wav
13:30:51.491 [FXGL Background Thread 3 ] DEBUG Engine               - soundNotification: core/notification.wav
13:30:51.491 [FXGL Background Thread 3 ] DEBUG Engine               - stageStyle: DECORATED
13:30:51.491 [FXGL Background Thread 3 ] DEBUG Engine               - supportedLanguages: [ENGLISH, FRENCH, GERMAN, HUNGARIAN, RUSSIAN]
13:30:51.491 [FXGL Background Thread 3 ] DEBUG Engine               - ticksPerSecond: -1
13:30:51.491 [FXGL Background Thread 3 ] DEBUG Engine               - title: 3D Shapes
13:30:51.491 [FXGL Background Thread 3 ] DEBUG Engine               - urlGithub: https://github.com/AlmasB/FXGL
13:30:51.491 [FXGL Background Thread 3 ] DEBUG Engine               - urlLeaderboard: http://fxgl-top.herokuapp.com/
13:30:51.491 [FXGL Background Thread 3 ] DEBUG Engine               - urlPOM: https://raw.githubusercontent.com/AlmasB/FXGL/release/README.md
13:30:51.491 [FXGL Background Thread 3 ] DEBUG Engine               - userAppClass: class Shapes
13:30:51.491 [FXGL Background Thread 3 ] DEBUG Engine               - version: 0.0
13:30:51.491 [FXGL Background Thread 3 ] DEBUG Engine               - versionCheckDays: 7
13:30:51.491 [FXGL Background Thread 3 ] DEBUG Engine               - width: 1280
13:30:51.491 [FXGL Background Thread 3 ] DEBUG Engine               - Logging services
13:30:51.491 [FXGL Background Thread 3 ] DEBUG Engine               - class com.almasb.fxgl.app.services.FXGLAssetLoaderService
13:30:51.491 [FXGL Background Thread 3 ] DEBUG Engine               - class com.almasb.fxgl.app.FXGLApplication$GameApplicationService
13:30:51.491 [FXGL Background Thread 3 ] DEBUG Engine               - class com.almasb.fxgl.app.services.FXGLDialogService
13:30:51.491 [FXGL Background Thread 3 ] DEBUG Engine               - class com.almasb.fxgl.app.services.IOTaskExecutorService
13:30:51.491 [FXGL Background Thread 3 ] DEBUG Engine               - class com.almasb.fxgl.io.FileSystemService
13:30:51.491 [FXGL Background Thread 3 ] DEBUG Engine               - class com.almasb.fxgl.localization.LocalizationService
13:30:51.491 [FXGL Background Thread 3 ] DEBUG Engine               - class com.almasb.fxgl.app.services.SystemBundleService
13:30:51.491 [FXGL Background Thread 3 ] DEBUG Engine               - class com.almasb.fxgl.profile.SaveLoadService
13:30:51.491 [FXGL Background Thread 3 ] DEBUG Engine               - class com.almasb.fxgl.ui.FXGLUIFactoryServiceProvider
13:30:51.491 [FXGL Background Thread 3 ] DEBUG Engine               - class com.almasb.fxgl.ui.FXGLDialogFactoryServiceProvider
13:30:51.491 [FXGL Background Thread 3 ] DEBUG Engine               - class com.almasb.fxgl.audio.AudioPlayer
13:30:51.491 [FXGL Background Thread 3 ] DEBUG Engine               - class com.almasb.fxgl.notification.impl.NotificationServiceProvider
13:30:51.491 [FXGL Background Thread 3 ] DEBUG Engine               - class com.almasb.fxgl.achievement.AchievementService
13:30:51.491 [FXGL Background Thread 3 ] DEBUG Engine               - class com.almasb.fxgl.cutscene.CutsceneService
13:30:51.491 [FXGL Background Thread 3 ] DEBUG Engine               - class com.almasb.fxgl.minigames.MiniGameService
13:30:51.492 [FXGL Background Thread 3 ] DEBUG Engine               - class com.almasb.fxgl.net.NetService
13:30:51.492 [FXGL Background Thread 3 ] DEBUG Engine               - class com.almasb.fxgl.app.services.UpdaterService
13:30:51.492 [FXGL Background Thread 3 ] DEBUG Engine               - class com.almasb.fxgl.dev.DevService
13:31:12.410 [JavaFX Application Thread] DEBUG PrimaryStageWindow   - Push state: FXGLDefaultMenu
13:31:12.416 [JavaFX Application Thread] DEBUG Input                - Clearing active input actions
13:31:12.422 [JavaFX Application Thread] DEBUG GameApplicationServi - Removing overlay from GameScene and adding to FXGLDefaultMenu
13:31:12.422 [JavaFX Application Thread] DEBUG PrimaryStageWindow   - GameScene -> FXGLDefaultMenu
13:31:15.642 [JavaFX Application Thread] DEBUG Menu                 - fireResume()
13:31:15.644 [JavaFX Application Thread] DEBUG PrimaryStageWindow   - Pop state: FXGLDefaultMenu
13:31:15.644 [JavaFX Application Thread] DEBUG Input                - Clearing active input actions
13:31:15.645 [JavaFX Application Thread] DEBUG GameApplicationServi - Removing overlay from FXGLDefaultMenu and adding to GameScene
13:31:15.645 [JavaFX Application Thread] DEBUG PrimaryStageWindow   - GameScene <- FXGLDefaultMenu
13:31:17.834 [JavaFX Application Thread] DEBUG PrimaryStageWindow   - Push state: FXGLDefaultMenu
13:31:17.834 [JavaFX Application Thread] DEBUG Input                - Clearing active input actions
13:31:17.839 [JavaFX Application Thread] DEBUG GameApplicationServi - Removing overlay from GameScene and adding to FXGLDefaultMenu
13:31:17.839 [JavaFX Application Thread] DEBUG PrimaryStageWindow   - GameScene -> FXGLDefaultMenu
13:31:22.394 [JavaFX Application Thread] DEBUG FXGLApplication      - Exiting FXGL
13:31:22.395 [JavaFX Application Thread] DEBUG LoopRunner           - Stopping loop
13:31:22.395 [JavaFX Application Thread] DEBUG SystemBundleService  - Saving FXGL system data
13:31:22.397 [JavaFX Application Thread] DEBUG FileSystemAccess     - Writing to: C:\Users\debrunei000\IdeaProjects\3Dmini\system\fxgl.bundle
13:31:22.400 [JavaFX Application Thread] DEBUG Async                - Shutting down background threads
13:31:22.400 [JavaFX Application Thread] DEBUG PrimaryStageWindow   - Closing main window
13:31:22.422 [JavaFX Application Thread] DEBUG Logger               - Closing Logger
